<?xml version="1.0" encoding="UTF-8"?>
<testsuite xmlns:xsi="http://www.w3.org/2001/XMLSchema-instance" xsi:noNamespaceSchemaLocation="https://maven.apache.org/surefire/maven-surefire-plugin/xsd/surefire-test-report.xsd" name="example.project.TestSimulator" time="0.001" tests="2" errors="0" skipped="0" failures="1">
  <properties>
[...]
</properties>
  <testcase name="testRun" classname="example.project.TestSimulator" time="0.001"/>
  <testcase name="testRun2" classname="example.project.TestSimulator" time="0">
    <failure type="org.opentest4j.AssertionFailedError:">org.opentest4j.AssertionFailedError: 
	at example.project.TestSimulator.testRun2(TestSimulator.java:20)
</failure>
  </testcase>
</testsuite>